<?xml version="1.0" encoding="UTF-8"?>
<testsuite name="AppTest" tests="2" skipped="0" failures="0" errors="0" timestamp="2018-01-03T21:19:18" hostname="Epicodus-6C.local" time="0.001">
  <properties/>
  <testcase name="newHangman_instantiatesCorrectly" classname="AppTest" time="0.001"/>
  <testcase name="newHangman_wordsToPick" classname="AppTest" time="0.0"/>
  <system-out><![CDATA[]]></system-out>
  <system-err><![CDATA[]]></system-err>
</testsuite>
